<?xml version="1.0" encoding="UTF-8"?>
<testsuite xmlns:xsi="http://www.w3.org/2001/XMLSchema-instance" xsi:noNamespaceSchemaLocation="https://maven.apache.org/surefire/maven-surefire-plugin/xsd/surefire-test-report.xsd" name="com.techincal.test.appfuxion.service.GithubSearchServiceTest" time="0.534" tests="10" errors="0" skipped="0" failures="0">
  <properties>
[...]
</properties>
  <testcase name="doDeleteData_invalid_parameter" classname="com.techincal.test.appfuxion.service.GithubSearchServiceTest" time="0.247"/>
  <testcase name="generatePdf_success" classname="com.techincal.test.appfuxion.service.GithubSearchServiceTest" time="0.247"/>
  <testcase name="generatePdf_data_not_found" classname="com.techincal.test.appfuxion.service.GithubSearchServiceTest" time="0.004"/>
  <testcase name="downloadPdf_invalid_parameter" classname="com.techincal.test.appfuxion.service.GithubSearchServiceTest" time="0.003"/>
  <testcase name="downloadPdf_data_not_found" classname="com.techincal.test.appfuxion.service.GithubSearchServiceTest" time="0.003"/>
  <testcase name="doDeleteData_success" classname="com.techincal.test.appfuxion.service.GithubSearchServiceTest" time="0.003"/>
  <testcase name="doDeleteData_data_not_found" classname="com.techincal.test.appfuxion.service.GithubSearchServiceTest" time="0.003"/>
  <testcase name="getAllData_success" classname="com.techincal.test.appfuxion.service.GithubSearchServiceTest" time="0.003"/>
  <testcase name="downloadPdf_success" classname="com.techincal.test.appfuxion.service.GithubSearchServiceTest" time="0.004"/>
  <testcase name="getAllData_data_not_found" classname="com.techincal.test.appfuxion.service.GithubSearchServiceTest" time="0.003"/>
</testsuite>